<?xml version="1.0" encoding="UTF-8"?>
<!-- Generated by org.testng.reporters.JUnitReportReporter -->
<testsuite hostname="DESKTOP-T7EV659" failures="0" tests="1" name="com.OrangeHRM.Tests.ApplyLeaveTest" time="12.635" errors="0" timestamp="2024-08-25T22:56:25 IST" skipped="0">
  <testcase classname="com.OrangeHRM.Tests.ApplyLeaveTest" name="leaveApply" time="12.635"/>
</testsuite> <!-- com.OrangeHRM.Tests.ApplyLeaveTest -->
