<?xml version="1.0" encoding="UTF-8"?>
<!-- Generated by org.testng.reporters.JUnitReportReporter -->
<testsuite hostname="DESKTOP-T7EV659" failures="0" tests="3" name="Cross.OrangeHRM.Tests.CrossBrowsingTest" time="39.871" errors="0" timestamp="2024-08-13T20:08:06 IST" skipped="0">
  <testcase classname="Cross.OrangeHRM.Tests.CrossBrowsingTest" name="initialise" time="8.166"/>
  <testcase classname="Cross.OrangeHRM.Tests.CrossBrowsingTest" name="initialise" time="10.840"/>
  <testcase classname="Cross.OrangeHRM.Tests.CrossBrowsingTest" name="initialise" time="20.865"/>
</testsuite> <!-- Cross.OrangeHRM.Tests.CrossBrowsingTest -->
