<?xml version="1.0" encoding="UTF-8"?>
<!-- Generated by org.testng.reporters.JUnitReportReporter -->
<testsuite hostname="DESKTOP-T7EV659" failures="0" tests="1" name="com.OrangeHRM.Tests.Shortlist" time="45.003" errors="0" timestamp="2024-08-27T16:42:33 IST" skipped="0">
  <testcase classname="com.OrangeHRM.Tests.Shortlist" name="applicationShortlist" time="45.003"/>
</testsuite> <!-- com.OrangeHRM.Tests.Shortlist -->
