<?xml version="1.0" encoding="UTF-8"?>
<!-- Generated by org.testng.reporters.JUnitReportReporter -->
<testsuite hostname="DESKTOP-T7EV659" failures="0" tests="1" name="Cross.OrangeHRM.Tests.LoginTest" time="2.384" errors="0" timestamp="2024-08-15T21:30:02 IST" skipped="0">
  <testcase classname="Cross.OrangeHRM.Tests.LoginTest" name="dataValidation" time="2.384"/>
</testsuite> <!-- Cross.OrangeHRM.Tests.LoginTest -->
