<?xml version="1.0" encoding="UTF-8"?>
<!-- Generated by org.testng.reporters.JUnitReportReporter -->
<testsuite hostname="DESKTOP-T7EV659" failures="0" tests="1" name="Cross.OrangeHRM.Tests.AddEmployeeTest" time="12.942" errors="0" timestamp="2024-08-19T12:31:41 IST" skipped="0">
  <testcase classname="Cross.OrangeHRM.Tests.AddEmployeeTest" name="initialize" time="12.942"/>
</testsuite> <!-- Cross.OrangeHRM.Tests.AddEmployeeTest -->
