<?xml version="1.0" encoding="UTF-8"?>
<!-- Generated by org.testng.reporters.JUnitReportReporter -->
<testsuite hostname="DESKTOP-T7EV659" failures="0" tests="1" name="Demo.getTitle" time="0.021" errors="0" timestamp="2024-08-13T20:05:44 IST" skipped="0">
  <testcase classname="Demo.getTitle" name="initialize" time="0.021"/>
</testsuite> <!-- Demo.getTitle -->
