<?xml version="1.0" encoding="UTF-8"?>
<!-- Generated by org.testng.reporters.JUnitReportReporter -->
<testsuite hostname="DESKTOP-T7EV659" failures="0" tests="1" name="com.OrangeHRM.Tests.PunchInTest" time="20.282" errors="0" timestamp="2024-08-31T14:42:22 IST" skipped="0">
  <testcase classname="com.OrangeHRM.Tests.PunchInTest" name="punchInAction" time="20.282"/>
</testsuite> <!-- com.OrangeHRM.Tests.PunchInTest -->
