<?xml version="1.0" encoding="UTF-8"?>
<!-- Generated by org.testng.reporters.JUnitReportReporter -->
<testsuite hostname="DESKTOP-T7EV659" failures="0" tests="1" name="com.OrangeHRM.Tests.AddEmployeeTest" time="10.034" errors="0" timestamp="2024-08-25T16:45:45 IST" skipped="0">
  <testcase classname="com.OrangeHRM.Tests.AddEmployeeTest" name="addEmployee" time="10.034"/>
</testsuite> <!-- com.OrangeHRM.Tests.AddEmployeeTest -->
