<?xml version="1.0" encoding="UTF-8"?>
<!-- Generated by org.testng.reporters.JUnitReportReporter -->
<testsuite hostname="DESKTOP-T7EV659" failures="0" tests="1" name="com.OrangeHRM.Tests.JobApplyTest" time="10.037" errors="0" timestamp="2024-08-23T19:52:16 IST" skipped="0">
  <testcase classname="com.OrangeHRM.Tests.JobApplyTest" name="jobApply" time="10.037"/>
</testsuite> <!-- com.OrangeHRM.Tests.JobApplyTest -->
