<?xml version="1.0" encoding="UTF-8"?>
<!-- Generated by org.testng.reporters.JUnitReportReporter -->
<testsuite hostname="DESKTOP-T7EV659" failures="0" tests="1" name="com.OrangeHRM.Tests.ChangeAdminsPasswordTest" time="2.579" errors="0" timestamp="2024-08-23T19:22:05 IST" skipped="0">
  <testcase classname="com.OrangeHRM.Tests.ChangeAdminsPasswordTest" name="changeAdminPassword" time="2.579"/>
</testsuite> <!-- com.OrangeHRM.Tests.ChangeAdminsPasswordTest -->
