<?xml version="1.0" encoding="UTF-8"?>
<!-- Generated by org.testng.reporters.JUnitReportReporter -->
<testsuite hostname="DESKTOP-T7EV659" failures="0" tests="1" name="com.OrangeHRM.Tests.ApplyJobTest" time="18.403" errors="0" timestamp="2024-08-27T15:34:36 IST" skipped="0">
  <testcase classname="com.OrangeHRM.Tests.ApplyJobTest" name="applyJob" time="18.403"/>
</testsuite> <!-- com.OrangeHRM.Tests.ApplyJobTest -->
