<?xml version="1.0" encoding="UTF-8"?>
<!-- Generated by org.testng.reporters.JUnitReportReporter -->
<testsuite hostname="DESKTOP-T7EV659" failures="0" tests="2" name="com.OrangeHRM.Tests.JobApplicationShortlistTest" time="34.709" errors="0" timestamp="2024-08-28T18:14:50 IST" skipped="0">
  <testcase classname="com.OrangeHRM.Tests.JobApplicationShortlistTest" name="shortlist" time="17.460"/>
  <testcase classname="com.OrangeHRM.Tests.JobApplicationShortlistTest" name="applyJob" time="17.249"/>
</testsuite> <!-- com.OrangeHRM.Tests.JobApplicationShortlistTest -->
