<?xml version="1.0" encoding="UTF-8"?>
<!-- Generated by org.testng.reporters.JUnitReportReporter -->
<testsuite hostname="DESKTOP-T7EV659" failures="0" tests="1" name="com.OrangeHRM.Tests.PunchOutTest" time="22.780" errors="0" timestamp="2024-08-31T14:43:13 IST" skipped="0">
  <testcase classname="com.OrangeHRM.Tests.PunchOutTest" name="punchOutAction" time="22.780"/>
</testsuite> <!-- com.OrangeHRM.Tests.PunchOutTest -->
