<?xml version="1.0" encoding="UTF-8"?>
<!-- Generated by org.testng.reporters.JUnitReportReporter -->
<testsuite hostname="DESKTOP-T7EV659" failures="0" tests="1" name="Cross.OrangeHRM.Tests.ApplyLeaveTest" time="8.165" errors="0" timestamp="2024-08-20T20:44:31 IST" skipped="0">
  <testcase classname="Cross.OrangeHRM.Tests.ApplyLeaveTest" name="leaveApply" time="8.165"/>
</testsuite> <!-- Cross.OrangeHRM.Tests.ApplyLeaveTest -->
