<?xml version="1.0" encoding="UTF-8"?>
<!-- Generated by org.testng.reporters.JUnitReportReporter -->
<testsuite hostname="DESKTOP-T7EV659" failures="0" tests="2" name="Cross.OrangeHRM.Tests.PunchIn_And_PunchOutTest" time="10.130" errors="0" timestamp="2024-08-16T00:33:52 IST" skipped="0">
  <testcase classname="Cross.OrangeHRM.Tests.PunchIn_And_PunchOutTest" name="punchIn" time="6.380"/>
  <testcase classname="Cross.OrangeHRM.Tests.PunchIn_And_PunchOutTest" name="initialization" time="3.750"/>
</testsuite> <!-- Cross.OrangeHRM.Tests.PunchIn_And_PunchOutTest -->
