<?xml version="1.0" encoding="UTF-8"?>
<!-- Generated by org.testng.reporters.JUnitReportReporter -->
<testsuite hostname="DESKTOP-T7EV659" failures="0" tests="1" name="com.OrangeHRM.Tests.LoginTest" time="1.616" errors="0" timestamp="2024-08-25T16:11:23 IST" skipped="0">
  <testcase classname="com.OrangeHRM.Tests.LoginTest" name="testLogin" time="1.616"/>
</testsuite> <!-- com.OrangeHRM.Tests.LoginTest -->
