<?xml version="1.0" encoding="UTF-8"?>
<!-- Generated by org.testng.reporters.JUnitReportReporter -->
<testsuite hostname="DESKTOP-T7EV659" failures="0" tests="1" name="com.OrangeHRM.Tests.ChangeAdminPasswordTest" time="6.917" errors="0" timestamp="2024-08-27T13:34:55 IST" skipped="0">
  <testcase classname="com.OrangeHRM.Tests.ChangeAdminPasswordTest" name="changeAdminPass" time="6.917"/>
</testsuite> <!-- com.OrangeHRM.Tests.ChangeAdminPasswordTest -->
