<?xml version="1.0" encoding="UTF-8"?>
<!-- Generated by org.testng.reporters.JUnitReportReporter -->
<testsuite hostname="DESKTOP-T7EV659" failures="0" tests="1" name="Cross.OrangeHRM.Tests.PunchInTest" time="11.898" errors="0" timestamp="2024-08-16T13:31:42 IST" skipped="0">
  <testcase classname="Cross.OrangeHRM.Tests.PunchInTest" name="punchIn" time="11.898"/>
</testsuite> <!-- Cross.OrangeHRM.Tests.PunchInTest -->
